C:\Users\Mathieu\Documents\Visual Studio 2010\Projects\OpenCVDetectionMouvement\OpenCVDefault\x64\Debug\cl.command.1.tlog
C:\Users\Mathieu\Documents\Visual Studio 2010\Projects\OpenCVDetectionMouvement\OpenCVDefault\x64\Debug\CL.read.1.tlog
C:\Users\Mathieu\Documents\Visual Studio 2010\Projects\OpenCVDetectionMouvement\OpenCVDefault\x64\Debug\CL.write.1.tlog
C:\Users\Mathieu\Documents\Visual Studio 2010\Projects\OpenCVDetectionMouvement\OpenCVDefault\x64\Debug\Kernel.cu.cache
C:\Users\Mathieu\Documents\Visual Studio 2010\Projects\OpenCVDetectionMouvement\OpenCVDefault\x64\Debug\Kernel.cu.obj
C:\Users\Mathieu\Documents\Visual Studio 2010\Projects\OpenCVDetectionMouvement\OpenCVDefault\x64\Debug\link.command.1.tlog
C:\Users\Mathieu\Documents\Visual Studio 2010\Projects\OpenCVDetectionMouvement\OpenCVDefault\x64\Debug\link.read.1.tlog
C:\Users\Mathieu\Documents\Visual Studio 2010\Projects\OpenCVDetectionMouvement\OpenCVDefault\x64\Debug\link.write.1.tlog
C:\Users\Mathieu\Documents\Visual Studio 2010\Projects\OpenCVDetectionMouvement\OpenCVDefault\x64\Debug\mt.command.1.tlog
C:\Users\Mathieu\Documents\Visual Studio 2010\Projects\OpenCVDetectionMouvement\OpenCVDefault\x64\Debug\mt.read.1.tlog
C:\Users\Mathieu\Documents\Visual Studio 2010\Projects\OpenCVDetectionMouvement\OpenCVDefault\x64\Debug\mt.write.1.tlog
C:\USERS\MATHIEU\DOCUMENTS\VISUAL STUDIO 2010\PROJECTS\OPENCVDETECTIONMOUVEMENT\OPENCVDEFAULT\X64\DEBUG\OPENCVDETECMOV.EXE.INTERMEDIATE.MANIFEST
C:\USERS\MATHIEU\DOCUMENTS\VISUAL STUDIO 2010\PROJECTS\OPENCVDETECTIONMOUVEMENT\OPENCVDEFAULT\X64\DEBUG\OPENCVDETECMOV.OBJ
C:\USERS\MATHIEU\DOCUMENTS\VISUAL STUDIO 2010\PROJECTS\OPENCVDETECTIONMOUVEMENT\OPENCVDEFAULT\X64\DEBUG\OPENCVDETECMOV.PCH
C:\Users\Mathieu\Documents\Visual Studio 2010\Projects\OpenCVDetectionMouvement\OpenCVDefault\x64\Debug\OpenCVDetecMov.write.1.tlog
C:\USERS\MATHIEU\DOCUMENTS\VISUAL STUDIO 2010\PROJECTS\OPENCVDETECTIONMOUVEMENT\OPENCVDEFAULT\X64\DEBUG\STDAFX.OBJ
C:\Users\Mathieu\Documents\Visual Studio 2010\Projects\OpenCVDetectionMouvement\OpenCVDefault\x64\Debug\vc100.idb
C:\USERS\MATHIEU\DOCUMENTS\VISUAL STUDIO 2010\PROJECTS\OPENCVDETECTIONMOUVEMENT\OPENCVDEFAULT\X64\DEBUG\VC100.PDB
C:\USERS\MATHIEU\DOCUMENTS\VISUAL STUDIO 2010\PROJECTS\OPENCVDETECTIONMOUVEMENT\X64\DEBUG\OPENCVDETECMOV.EXE
C:\USERS\MATHIEU\DOCUMENTS\VISUAL STUDIO 2010\PROJECTS\OPENCVDETECTIONMOUVEMENT\X64\DEBUG\OPENCVDETECMOV.PDB
