F:\Skewl\Vision Par Ordinateur\OpenCV Vision Lab 2\OpenCVDefault\x64\Debug\cl.command.1.tlog
F:\Skewl\Vision Par Ordinateur\OpenCV Vision Lab 2\OpenCVDefault\x64\Debug\CL.read.1.tlog
F:\Skewl\Vision Par Ordinateur\OpenCV Vision Lab 2\OpenCVDefault\x64\Debug\CL.write.1.tlog
F:\Skewl\Vision Par Ordinateur\OpenCV Vision Lab 2\OpenCVDefault\x64\Debug\link.command.1.tlog
F:\Skewl\Vision Par Ordinateur\OpenCV Vision Lab 2\OpenCVDefault\x64\Debug\link.read.1.tlog
F:\Skewl\Vision Par Ordinateur\OpenCV Vision Lab 2\OpenCVDefault\x64\Debug\link.write.1.tlog
F:\Skewl\Vision Par Ordinateur\OpenCV Vision Lab 2\OpenCVDefault\x64\Debug\mt.command.1.tlog
F:\Skewl\Vision Par Ordinateur\OpenCV Vision Lab 2\OpenCVDefault\x64\Debug\mt.read.1.tlog
F:\Skewl\Vision Par Ordinateur\OpenCV Vision Lab 2\OpenCVDefault\x64\Debug\mt.write.1.tlog
F:\Skewl\Vision Par Ordinateur\OpenCV Vision Lab 2\OpenCVDefault\x64\Debug\OpenCVDefault.vcxprojResolveAssemblyReference.cache
F:\Skewl\Vision Par Ordinateur\OpenCV Vision Lab 2\OpenCVDefault\x64\Debug\OpenCVDetecMov.exe.intermediate.manifest
F:\SKEWL\VISION PAR ORDINATEUR\OPENCV VISION LAB 2\OPENCVDEFAULT\X64\DEBUG\OPENCVDETECMOV.OBJ
F:\SKEWL\VISION PAR ORDINATEUR\OPENCV VISION LAB 2\OPENCVDEFAULT\X64\DEBUG\OPENCVDETECMOV.PCH
F:\Skewl\Vision Par Ordinateur\OpenCV Vision Lab 2\OpenCVDefault\x64\Debug\OpenCVDetecMov.write.1.tlog
F:\SKEWL\VISION PAR ORDINATEUR\OPENCV VISION LAB 2\OPENCVDEFAULT\X64\DEBUG\SIMPLELIST.OBJ
F:\SKEWL\VISION PAR ORDINATEUR\OPENCV VISION LAB 2\OPENCVDEFAULT\X64\DEBUG\SOBELOBJECT.OBJ
F:\SKEWL\VISION PAR ORDINATEUR\OPENCV VISION LAB 2\OPENCVDEFAULT\X64\DEBUG\SOBELOBJECTMANAGER.OBJ
F:\SKEWL\VISION PAR ORDINATEUR\OPENCV VISION LAB 2\OPENCVDEFAULT\X64\DEBUG\STDAFX.OBJ
F:\SKEWL\VISION PAR ORDINATEUR\OPENCV VISION LAB 2\OPENCVDEFAULT\X64\DEBUG\TRAITEMENT.OBJ
F:\Skewl\Vision Par Ordinateur\OpenCV Vision Lab 2\OpenCVDefault\x64\Debug\vc100.idb
F:\SKEWL\VISION PAR ORDINATEUR\OPENCV VISION LAB 2\OPENCVDEFAULT\X64\DEBUG\VC100.PDB
F:\Skewl\Vision Par Ordinateur\OpenCV Vision Lab 2\x64\Debug\OpenCVDetecMov.pdb
Z:\OPENCV VISION LAB 1\OPENCVDEFAULT\X64\DEBUG\OPENCVDETECMOV.EXE.INTERMEDIATE.MANIFEST
Z:\OPENCV VISION LAB 1\OPENCVDEFAULT\X64\DEBUG\OPENCVDETECMOV.OBJ
Z:\OPENCV VISION LAB 1\OPENCVDEFAULT\X64\DEBUG\OPENCVDETECMOV.PCH
Z:\OPENCV VISION LAB 1\OPENCVDEFAULT\X64\DEBUG\STDAFX.OBJ
Z:\OPENCV VISION LAB 1\OPENCVDEFAULT\X64\DEBUG\TRAITEMENT.OBJ
Z:\OPENCV VISION LAB 1\OPENCVDEFAULT\X64\DEBUG\VC100.PDB
Z:\OPENCV VISION LAB 1\X64\DEBUG\OPENCVDETECMOV.EXE
Z:\OPENCV VISION LAB 1\X64\DEBUG\OPENCVDETECMOV.PDB
Z:\OPENCV VISION LAB 2\OPENCVDEFAULT\X64\DEBUG\OPENCVDETECMOV.EXE.INTERMEDIATE.MANIFEST
Z:\OPENCV VISION LAB 2\OPENCVDEFAULT\X64\DEBUG\OPENCVDETECMOV.OBJ
Z:\OPENCV VISION LAB 2\OPENCVDEFAULT\X64\DEBUG\OPENCVDETECMOV.PCH
Z:\OPENCV VISION LAB 2\OPENCVDEFAULT\X64\DEBUG\SIMPLELIST.OBJ
Z:\OPENCV VISION LAB 2\OPENCVDEFAULT\X64\DEBUG\SOBELOBJECT.OBJ
Z:\OPENCV VISION LAB 2\OPENCVDEFAULT\X64\DEBUG\SOBELOBJECTMANAGER.OBJ
Z:\OPENCV VISION LAB 2\OPENCVDEFAULT\X64\DEBUG\STDAFX.OBJ
Z:\OPENCV VISION LAB 2\OPENCVDEFAULT\X64\DEBUG\TRAITEMENT.OBJ
Z:\OPENCV VISION LAB 2\OPENCVDEFAULT\X64\DEBUG\VC100.PDB
Z:\OPENCV VISION LAB 2\X64\DEBUG\OPENCVDETECMOV.EXE
Z:\OPENCV VISION LAB 2\X64\DEBUG\OPENCVDETECMOV.PDB
Z:\OPENCV VISION\OPENCVDEFAULT\X64\DEBUG\OPENCVDETECMOV.EXE.INTERMEDIATE.MANIFEST
Z:\OPENCV VISION\OPENCVDEFAULT\X64\DEBUG\OPENCVDETECMOV.OBJ
Z:\OPENCV VISION\OPENCVDEFAULT\X64\DEBUG\OPENCVDETECMOV.PCH
Z:\OPENCV VISION\OPENCVDEFAULT\X64\DEBUG\STDAFX.OBJ
Z:\OPENCV VISION\OPENCVDEFAULT\X64\DEBUG\TRAITEMENT.OBJ
Z:\OPENCV VISION\OPENCVDEFAULT\X64\DEBUG\VC100.PDB
Z:\OPENCV VISION\X64\DEBUG\OPENCVDETECMOV.EXE
Z:\OPENCV VISION\X64\DEBUG\OPENCVDETECMOV.PDB
